C51 COMPILER V9.56.0.0   EXTI                                                              11/19/2020 15:31:21 PAGE 1   


C51 COMPILER V9.56.0.0, COMPILATION OF MODULE EXTI
OBJECT MODULE PLACED IN .\Objects\Exti.obj
COMPILER INVOKED BY: D:\Program Files (x86)\keil5\C51\BIN\C51.EXE STC_LIB\Exti.c LARGE OPTIMIZE(8,SPEED) BROWSE INCDIR(.
                    -\STC_LIB;.\APP) DEBUG OBJECTEXTEND PRINT(.\Listings\Exti.lst) TABS(2) OBJECT(.\Objects\Exti.obj)

line level    source

   1          
   2          /*************  功能说明  **************
   3          
   4          本文件为STC15xxx系列的外中断初始化和中断程序,用户可以在这个文件中修改自己需要的中断程序.
   5          
   6          ******************************************/
   7          
   8          
   9          
  10          #include  "Exti.h"
  11          extern u8 SystemClear;
  12          
  13          /********************* INT0中断函数 *************************/
  14          void Ext_INT0 (void) interrupt INT0_VECTOR    //进中断时已经清除标志
  15          {
  16   1        EA = 0;
  17   1        SystemClear =1;
  18   1      
  19   1        EA=1;
  20   1      }
  21          
  22          
  23          //========================================================================
  24          // 函数: u8 Ext_Inilize(u8 EXT, EXTI_InitTypeDef *INTx)
  25          // 描述: 外部中断初始化程序.
  26          // 参数: INTx: 结构参数,请参考Exti.h里的定义.
  27          // 返回: 成功返回0, 空操作返回1,错误返回2.
  28          // 版本: V1.0, 2012-10-22
  29          //========================================================================
  30          u8  Ext_Inilize(u8 EXT, EXTI_InitTypeDef *INTx)
  31          {
  32   1        if(EXT >  EXT_INT4) return 1; //空操作
  33   1        
  34   1        if(EXT == EXT_INT0) //外中断0
  35   1        {
  36   2          if(INTx->EXTI_Interrupt == ENABLE)    EX0 = 1;  //允许中断
  37   2          else                  EX0 = 0;  //禁止中断
  38   2          if(INTx->EXTI_Polity == PolityHigh)   PX0 = 1;  //高优先级中断
  39   2          else                  PX0 = 0;  //低优先级中断
  40   2          if(INTx->EXTI_Mode == EXT_MODE_Fall)  IT0 = 1;  //下降沿中断
  41   2          else                  IT0 = 0;  //上升,下降沿中断
  42   2          return  0;    //成功
  43   2        }
  44   1      
  45   1        if(EXT == EXT_INT1) //外中断1
  46   1        {
  47   2          if(INTx->EXTI_Interrupt == ENABLE)    EX1 = 1;  //允许中断
  48   2          else                  EX1 = 0;  //禁止中断
  49   2          if(INTx->EXTI_Polity == PolityHigh)   PX1 = 1;  //高优先级中断
  50   2          else                  PX1 = 0;  //低优先级中断
  51   2          if(INTx->EXTI_Mode == EXT_MODE_Fall)  IT1 = 1;  //下降沿中断
  52   2          else                  IT1 = 0;  //上升,下降沿中断
  53   2          return  0;    //成功
  54   2        }
C51 COMPILER V9.56.0.0   EXTI                                                              11/19/2020 15:31:21 PAGE 2   

  55   1      
  56   1        if(EXT == EXT_INT2)   //外中断2, 固定为下降沿低优先级中断
  57   1        {
  58   2          if(INTx->EXTI_Interrupt == ENABLE)  INT_CLKO |=  (1 << 4);  //允许中断  
  59   2          else                INT_CLKO &= ~(1 << 4);  //禁止中断
  60   2          return  0;    //成功
  61   2        }
  62   1      
  63   1        if(EXT == EXT_INT3)   //外中断3, 固定为下降沿低优先级中断
  64   1        {
  65   2          if(INTx->EXTI_Interrupt == ENABLE)  INT_CLKO |=  (1 << 5);  //允许中断  
  66   2          else                INT_CLKO &= ~(1 << 5);  //禁止中断
  67   2          return  0;    //成功
  68   2        }
  69   1      
  70   1        if(EXT == EXT_INT4)   //外中断4, 固定为下降沿低优先级中断
  71   1        {
  72   2          if(INTx->EXTI_Interrupt == ENABLE)  INT_CLKO |=  (1 << 6);  //允许中断  
  73   2          else                INT_CLKO &= ~(1 << 6);  //禁止中断
  74   2          return  0;    //成功
  75   2        }
  76   1        return 2; //失败
  77   1      }


MODULE INFORMATION:   STATIC OVERLAYABLE
   CODE SIZE        =    205    ----
   CONSTANT SIZE    =   ----    ----
   XDATA SIZE       =   ----    ----
   PDATA SIZE       =   ----    ----
   DATA SIZE        =   ----    ----
   IDATA SIZE       =   ----    ----
   BIT SIZE         =   ----    ----
END OF MODULE INFORMATION.


C51 COMPILATION COMPLETE.  0 WARNING(S),  0 ERROR(S)
