C51 COMPILER V9.56.0.0   BSP                                                               04/25/2020 20:39:18 PAGE 1   


C51 COMPILER V9.56.0.0, COMPILATION OF MODULE BSP
OBJECT MODULE PLACED IN .\Objects\bsp.obj
COMPILER INVOKED BY: D:\Program Files (x86)\keil5\C51\BIN\C51.EXE source\bsp.c COMPACT OPTIMIZE(8,SPEED) BROWSE INCDIR(.
                    -\stc_lib) DEBUG OBJECTEXTEND PRINT(.\Listings\bsp.lst) TABS(2) OBJECT(.\Objects\bsp.obj)

line level    source

   1          #include "bsp.h"
   2          #include "timer_config.h"
   3          
   4          void Debug_Var(u16 var)
   5          {
   6   1        u8 num[6];
   7   1        num[0]=var/10000+0x30;
   8   1        num[1]=var%10000/1000+0x30;
   9   1        num[2]=var%1000/100+0x30;
  10   1        num[3]=var%100/10+0x30;
  11   1        num[4]=var%10+0x30;
  12   1        num[5]='\0';
  13   1        debug(num);
  14   1      }
  15          void bsp(void)
  16          {
  17   1      
  18   1      
  19   1        USART2_Config();
  20   1        S2_Int_en();
  21   1        
  22   1        USART4_Config();
  23   1        S4_Int_en();
  24   1      
  25   1        IP=0x00;
  26   1        IP2=0x00;
  27   1        IP2 |=0x01;     //设置串口2 优先级高
  28   1        
  29   1        
  30   1        sys_time_init();
  31   1      
  32   1        EA=1;
  33   1      
  34   1        DevicesInit();
  35   1      
  36   1        //wifi_reset();
  37   1            
  38   1      
  39   1      }
  40          
  41          void sys_sleep(void)
  42          {
  43   1        _nop_();
  44   1        _nop_();
  45   1        _nop_();
  46   1        _nop_();
  47   1        PCON |= 0x01;
  48   1      }
  49          
  50          


MODULE INFORMATION:   STATIC OVERLAYABLE
   CODE SIZE        =    172    ----
C51 COMPILER V9.56.0.0   BSP                                                               04/25/2020 20:39:18 PAGE 2   

   CONSTANT SIZE    =   ----    ----
   XDATA SIZE       =   ----    ----
   PDATA SIZE       =   ----       6
   DATA SIZE        =   ----    ----
   IDATA SIZE       =   ----    ----
   BIT SIZE         =   ----    ----
END OF MODULE INFORMATION.


C51 COMPILATION COMPLETE.  0 WARNING(S),  0 ERROR(S)
