C51 COMPILER V9.56.0.0   DELAY                                                             04/25/2020 20:39:19 PAGE 1   


C51 COMPILER V9.56.0.0, COMPILATION OF MODULE DELAY
OBJECT MODULE PLACED IN .\Objects\delay.obj
COMPILER INVOKED BY: D:\Program Files (x86)\keil5\C51\BIN\C51.EXE stc_lib\delay.c COMPACT OPTIMIZE(8,SPEED) BROWSE INCDI
                    -R(.\stc_lib) DEBUG OBJECTEXTEND PRINT(.\Listings\delay.lst) TABS(2) OBJECT(.\Objects\delay.obj)

line level    source

   1          
   2          /*---------------------------------------------------------------------*/
   3          /* --- STC MCU International Limited ----------------------------------*/
   4          /* --- STC 1T Series MCU Demo Programme -------------------------------*/
   5          /* --- Mobile: (86)13922805190 ----------------------------------------*/
   6          /* --- Fax: 86-0513-55012956,55012947,55012969 ------------------------*/
   7          /* --- Tel: 86-0513-55012928,55012929,55012966 ------------------------*/
   8          /* --- Web: www.GXWMCU.com --------------------------------------------*/
   9          /* --- QQ:  800003751 -------------------------------------------------*/
  10          /* 如果要在程序中使用此代码,请在程序中注明使用了宏晶科技的资料及程序   */
  11          /*---------------------------------------------------------------------*/
  12          
  13          
  14          /*************  功能说明  **************
  15          
  16          本文件为STC15xxx系列的延时程序,用户几乎可以不修改这个程序.
  17          
  18          ******************************************/
  19          
  20          #include  "delay.h"
  21          
  22          
  23          
  24          //========================================================================
  25          // 函数: void  delay_ms(unsigned char ms)
  26          // 描述: 延时函数。
  27          // 参数: ms,要延时的ms数, 这里只支持1~255ms. 自动适应主时钟.
  28          // 返回: none.
  29          // 版本: VER1.0
  30          // 日期: 2013-4-1
  31          // 备注: 
  32          //========================================================================
  33          void delay_10us(u8 count)   //@22.1184MHz
  34          {
  35   1        unsigned char i;
  36   1      
  37   1        while(count--)
  38   1        {
  39   2          _nop_();
  40   2          _nop_();
  41   2          _nop_();
  42   2          i = 26;
  43   2          while (--i);
  44   2        }
  45   1      }
  46          
  47          void  delay_ms(unsigned char ms)  //@22.1184MHz
  48          {
  49   1           unsigned int i;
  50   1         do{
  51   2              i = MAIN_Fosc / 13000;
  52   2            while(--i)  ;   //14T per loop
  53   2           }while(--ms);
  54   1      }
C51 COMPILER V9.56.0.0   DELAY                                                             04/25/2020 20:39:19 PAGE 2   

  55          void delay_s(u8 second)
  56          {
  57   1        u8 i;
  58   1        while(second--)
  59   1        {
  60   2          for(i=4;i>0;i--)
  61   2          {
  62   3            delay_ms(250);
  63   3          }
  64   2        }
  65   1      }


MODULE INFORMATION:   STATIC OVERLAYABLE
   CODE SIZE        =     59    ----
   CONSTANT SIZE    =   ----    ----
   XDATA SIZE       =   ----    ----
   PDATA SIZE       =   ----    ----
   DATA SIZE        =   ----    ----
   IDATA SIZE       =   ----    ----
   BIT SIZE         =   ----    ----
END OF MODULE INFORMATION.


C51 COMPILATION COMPLETE.  0 WARNING(S),  0 ERROR(S)
