C51 COMPILER V9.56.0.0   DEVICES                                                           04/19/2020 22:59:43 PAGE 1   


C51 COMPILER V9.56.0.0, COMPILATION OF MODULE DEVICES
OBJECT MODULE PLACED IN .\Objects\devices.obj
COMPILER INVOKED BY: D:\Program Files (x86)\keil5\C51\BIN\C51.EXE source\devices.c OPTIMIZE(8,SPEED) BROWSE INCDIR(.\stc
                    -_lib) DEBUG OBJECTEXTEND PRINT(.\Listings\devices.lst) TABS(2) OBJECT(.\Objects\devices.obj)

line level    source

   1          #include "usart.h"
   2          #include "devices.h"
   3          #include "string.h"
   4          #include "bsp.h"
   5          #include  "PCA.h"
   6          #include<intrins.h>
   7          
   8          #define KEYWORD_SWITCH  "SWITCH"
   9          #define KEYWORD_LIGHT "LIGHT"
  10          
  11          u8 xdata rec_dat[20];   //用于显示的接收数据数组
  12          
  13          void DHT11_Start(void)
  14          {     
  15   1        DH_Pin=1;   
  16   1        delay_10us(1);
  17   1        DH_Pin=0;   
  18   1        delay_ms(18);   //延时18ms以上   
  19   1        DH_Pin=1;   
  20   1        delay_10us(4);
  21   1      }
  22          
  23          u8 DHT11_rec_byte(void)      //接收一个字节
  24          {   
  25   1        u8 i,dat=0;  
  26   1        for(i=0;i<8;i++)    //从高到低依次接收8位数据   
  27   1        {                
  28   2          while(!DH_Pin);   ////等待50us低电平过去      ，延时函数有误差
  29   2          delay_10us(2);
  30   2          dat<<=1;           //移位使正确接收8位数据，数据为0时直接移位      
  31   2          if(DH_Pin==1)    //数据为1时，使dat加1来接收数据1         
  32   2          dat+=1;      
  33   2          while(DH_Pin);  //等待数据线拉低        
  34   2        }     
  35   1        return dat;
  36   1      }
  37          
  38          void DHT11_Receive()      //接收40位的数据
  39          {    
  40   1        u8 RH=0,RL=0,TH=0,TL=0,check=0;    
  41   1        debug("DHT11 start\r\n");
  42   1        DHT11_Start();    
  43   1        if(DH_Pin==0)    
  44   1        {        
  45   2          while(DH_Pin==0);   //等待拉高       
  46   2          debug("up\r\n");
  47   2          EA=0;
  48   2          delay_10us(8);  //拉高后延时80us        
  49   2          RH=DHT11_rec_byte();    //接收湿度高八位         
  50   2          RL=DHT11_rec_byte();    //接收湿度低八位          
  51   2          TH=DHT11_rec_byte();    //接收温度高八位         
  52   2          TL=DHT11_rec_byte();    //接收温度低八位       
  53   2          check=DHT11_rec_byte(); //接收校正位        
  54   2          EA=1;
C51 COMPILER V9.56.0.0   DEVICES                                                           04/19/2020 22:59:43 PAGE 2   

  55   2          if((RH+RL+TH+TL)==check)      //校正        
  56   2            debug("DHT11 true  \r\n");
  57   2          else
  58   2            debug("DHT11 false  \r\n");
  59   2          /*数据处理，方便显示*/        
  60   2          rec_dat[0]='0'+(RH/10);        
  61   2          rec_dat[1]='0'+(RH%10);       
  62   2          rec_dat[2]='0'+(RL/10);        
  63   2          rec_dat[3]='0'+(RL%10);       
  64   2          rec_dat[4]='R';        
  65   2          rec_dat[5]='H';        
  66   2          rec_dat[6]=' ';        
  67   2          rec_dat[7]=' ';        
  68   2          rec_dat[8]='0'+(TH/10);       
  69   2          rec_dat[9]='0'+(TH%10);       
  70   2          rec_dat[10]='0'+(TL/10);       
  71   2          rec_dat[11]='0'+(TL%10);        
  72   2          rec_dat[12]='C';    
  73   2          rec_dat[13]='\0';    
  74   2        }
  75   1      }
  76          
  77          static void SwitchControl(u8 *buf)
  78          {
  79   1        u8 *cmd=buf;
  80   1        u8 *p;
  81   1        if( p=strstr(cmd, KEYWORD_SWITCH))
  82   1        {
  83   2          switch(*(p+sizeof(KEYWORD_SWITCH)))
  84   2          {
  85   3            case '1':
  86   3              if(strstr((char *)cmd, "ON"))
  87   3              {
  88   4                SWITCH1_ON;
  89   4                debug("1 on!\r\n");
  90   4              }
  91   3              else if(strstr((char *)cmd, "OFF"))
  92   3              {
  93   4                SWITCH1_OFF;
  94   4                debug("1 off!\r\n");
  95   4              }
  96   3              break;
  97   3            case '2':
  98   3              if(strstr((char *)cmd, "ON"))
  99   3              {
 100   4                SWITCH2_ON;
 101   4                debug("2 on!\r\n");
 102   4              }
 103   3              else if(strstr((char *)cmd, "OFF"))
 104   3              {
 105   4                SWITCH2_OFF;
 106   4                debug("2 off!\r\n");
 107   4              }
 108   3              break;
 109   3            case '3':
 110   3              if(strstr((char *)cmd, "ON"))
 111   3              {
 112   4                SWITCH3_ON;
 113   4                debug("3 on!\r\n");
 114   4              }
 115   3              else if(strstr((char *)cmd, "OFF"))
 116   3              {
C51 COMPILER V9.56.0.0   DEVICES                                                           04/19/2020 22:59:43 PAGE 3   

 117   4                SWITCH3_OFF;
 118   4                debug("3 off!\r\n");
 119   4              }
 120   3              break;
 121   3            case '4':
 122   3              if(strstr((char *)cmd, "ON"))
 123   3              {
 124   4                SWITCH4_ON;
 125   4                debug("4 on!\r\n");
 126   4              }
 127   3              else if(strstr((char *)cmd, "OFF"))
 128   3              {
 129   4                SWITCH4_OFF;
 130   4                debug("4 off!\r\n");
 131   4              }
 132   3              break;
 133   3            default:
 134   3              debug("invalid command222\r\n");
 135   3              break;
 136   3          }
 137   2        }
 138   1        else
 139   1        {
 140   2          debug("invalid command111\r\n");
 141   2        }
 142   1      }
 143          
 144          static void LightControl(u8 *buf)
 145          {
 146   1        
 147   1      }
*** WARNING C280 IN LINE 144 OF source\devices.c: 'buf': unreferenced local variable
 148          
 149          void DevicesInit(void)
 150          {
 151   1        GPIO_InitTypeDef  light_pin_init, switch_pin_init, dh_pin_init;
 152   1        PCA_InitTypeDef pca0_init;
 153   1      
 154   1        light_pin_init.Mode=GPIO_OUT_PP;
 155   1        light_pin_init.Pin=LIGHT1_GPIO_PIN | LIGHT2_GPIO_PIN;
 156   1        GPIO_Inilize(LIGHT1_GPIO_PORT, &light_pin_init);
 157   1        
 158   1        switch_pin_init.Mode=GPIO_OUT_PP;
 159   1        switch_pin_init.Pin=SWITCH1_GPIO_PIN|SWITCH2_GPIO_PIN|SWITCH3_GPIO_PIN|SWITCH4_GPIO_PIN;
 160   1        GPIO_Inilize(SWITCH1_GPIO_PORT,&switch_pin_init);
 161   1      
 162   1        dh_pin_init.Mode=GPIO_PullUp;
 163   1        dh_pin_init.Pin=DH_GPIO_PIN;
 164   1        GPIO_Inilize(DH_GPIO_PORT, &dh_pin_init);
 165   1      
 166   1        pca0_init.PCA_IoUse = PCA_P24_P25_P26_P27;
 167   1        pca0_init.PCA_Clock = PCA_Clock_12T;
 168   1        pca0_init.PCA_Mode = PCA_Mode_PWM;
 169   1        pca0_init.PCA_PWM_Wide = PCA_PWM_8bit;
 170   1        pca0_init.PCA_Interrupt_Mode = DISABLE;
 171   1        pca0_init.PCA_Polity = PolityHigh;
 172   1        pca0_init.PCA_Value = 0;
 173   1      
 174   1        PCA_Init(PCA_Counter, &pca0_init);
 175   1        PCA_Init(PCA0, &pca0_init);
 176   1        CR=1;
 177   1      }
C51 COMPILER V9.56.0.0   DEVICES                                                           04/19/2020 22:59:43 PAGE 4   

 178          
 179          void DevicesControl(void)
 180          {
 181   1      
 182   1        DevicesInit();
 183   1        while(1)
 184   1        {
 185   2          DHT11_Receive();
 186   2          debug(rec_dat);
 187   2          delay_s(1);
 188   2          
 189   2        }
 190   1      }
 191          


MODULE INFORMATION:   STATIC OVERLAYABLE
   CODE SIZE        =    807    ----
   CONSTANT SIZE    =    174    ----
   XDATA SIZE       =     20    ----
   PDATA SIZE       =   ----    ----
   DATA SIZE        =   ----      27
   IDATA SIZE       =   ----    ----
   BIT SIZE         =   ----    ----
END OF MODULE INFORMATION.


C51 COMPILATION COMPLETE.  1 WARNING(S),  0 ERROR(S)
