C51 COMPILER V9.56.0.0   MAIN                                                              04/25/2020 20:39:17 PAGE 1   


C51 COMPILER V9.56.0.0, COMPILATION OF MODULE MAIN
OBJECT MODULE PLACED IN .\Objects\main.obj
COMPILER INVOKED BY: D:\Program Files (x86)\keil5\C51\BIN\C51.EXE source\main.c COMPACT OPTIMIZE(8,SPEED) BROWSE INCDIR(
                    -.\stc_lib) DEBUG OBJECTEXTEND PRINT(.\Listings\main.lst) TABS(2) OBJECT(.\Objects\main.obj)

line level    source

   1          #include "bsp.h"
   2          #include <delay.h>
   3          #include "string.h"
   4          /*
   5          void debug_time(void)
   6          {
   7            debug_var((u16)hour);
   8            debug(":");
   9            debug_var((u16)minute);
  10            debug(":");
  11            debug_var((u16)second);
  12            debug("\r\n");
  13            
  14          }
  15          */
  16          
  17          void main(void)
  18          {
  19   1        bsp();
  20   1        
  21   1        memset(RX2_Buffer, 0, sizeof(RX2_Buffer));
  22   1        
  23   1        wifi_reset();
  24   1        WIFI_Set_AP_mode();
  25   1        debug("server create!!!\r\n");
  26   1        while(1)
  27   1        {
  28   2          DevicesControl();
  29   2          
  30   2        }
  31   1      }


MODULE INFORMATION:   STATIC OVERLAYABLE
   CODE SIZE        =     38    ----
   CONSTANT SIZE    =     19    ----
   XDATA SIZE       =   ----    ----
   PDATA SIZE       =   ----    ----
   DATA SIZE        =   ----    ----
   IDATA SIZE       =   ----    ----
   BIT SIZE         =   ----    ----
END OF MODULE INFORMATION.


C51 COMPILATION COMPLETE.  0 WARNING(S),  0 ERROR(S)
